<?xml version="1.0" encoding="UTF-8"?>
<testsuite xmlns:xsi="http://www.w3.org/2001/XMLSchema-instance" xsi:noNamespaceSchemaLocation="https://maven.apache.org/surefire/maven-surefire-plugin/xsd/surefire-test-report-3.0.xsd" version="3.0" name="com.kinetica.nifi.processors.AbstractKineticaProcessorTest" time="0.024" tests="10" errors="0" skipped="0" failures="0">
  <properties>
[...]
</properties>
  <testcase name="testSSLProperties" classname="com.kinetica.nifi.processors.AbstractKineticaProcessorTest" time="0.002"/>
  <testcase name="testServerUrlFormats" classname="com.kinetica.nifi.processors.AbstractKineticaProcessorTest" time="0.003"/>
  <testcase name="testRequiredProperties" classname="com.kinetica.nifi.processors.AbstractKineticaProcessorTest" time="0.002"/>
  <testcase name="testOptionalCredentials" classname="com.kinetica.nifi.processors.AbstractKineticaProcessorTest" time="0.004"/>
  <testcase name="testConnectionTimeoutProperties" classname="com.kinetica.nifi.processors.AbstractKineticaProcessorTest" time="0.002"/>
  <testcase name="testValidTableNames" classname="com.kinetica.nifi.processors.AbstractKineticaProcessorTest" time="0.002"/>
  <testcase name="testSSLDisabled" classname="com.kinetica.nifi.processors.AbstractKineticaProcessorTest" time="0.001"/>
  <testcase name="testProcessorHasExpectedProperties" classname="com.kinetica.nifi.processors.AbstractKineticaProcessorTest" time="0.0"/>
  <testcase name="testConnectionPoolSizeProperty" classname="com.kinetica.nifi.processors.AbstractKineticaProcessorTest" time="0.001"/>
  <testcase name="testProcessorHasExpectedRelationships" classname="com.kinetica.nifi.processors.AbstractKineticaProcessorTest" time="0.001"/>
</testsuite>